{
 "cells": [
  {
   "cell_type": "code",
   "execution_count": null,
   "id": "1bca761c",
   "metadata": {},
   "outputs": [],
   "source": [
    "29-09-21 11:12:07,INFO,Trying To Connect With The Database\n",
    "29-09-21 11:12:15,INFO,The Connection Is Created\n",
    "29-09-21 11:12:51,INFO,Trying To Connect With The Database\n",
    "29-09-21 11:13:00,INFO,The Connection Is Created\n",
    "29-09-21 11:13:22,INFO,Using The Keyspace That We Created At Time of Database Creating\n",
    "29-09-21 11:13:22,INFO,The credit Is Selected\n",
    "29-09-21 11:13:40,INFO,Table Is Creating Inside The Selected Keyspace\n",
    "29-09-21 11:13:41,INFO,The Table Is Created Inside The credit With Name credit_data\n",
    "29-09-21 11:13:48,INFO,Inserting The Data Into DATABASE\n",
    "29-09-21 11:16:41,INFO,All The Data Entered Into The credit Having Table Name credit_data\n",
    "29-09-21 11:16:49,INFO,Trying To Get The Data From The DataBase\n",
    "29-09-21 11:16:53,INFO,We Gathered The Data From DataBase      id  age  amount  credit_history  credit_risk  duration  \\\n",
    "0   769   24    1275               2            0        15   \n",
    "0    23   26    1424               4            1        12   \n",
    "0   114   35    3976               2            1        21   \n",
    "0   660   33    1414               2            1         8   \n",
    "0   893   33    1131               2            0        18   \n",
    "..  ...  ...     ...             ...          ...       ...   \n",
    "0   800   35    1381               2            0        24   \n",
    "0   232   45    8588               2            1        39   \n",
    "0   103   54    7432               3            1        36   \n",
    "0   986   45    8978               2            0        14   \n",
    "0   945   34    6850               1            0        15   \n",
    "\n",
    "    employment_duration  foreign_worker  housing  installment_rate  ...  \\\n",
    "0                     3               2        1                 4  ...   \n",
    "0                     4               2        2                 4  ...   \n",
    "0                     4               2        2                 2  ...   \n",
    "0                     3               1        2                 4  ...   \n",
    "0                     1               2        2                 4  ...   \n",
    "..                  ...             ...      ...               ...  ...   \n",
    "0                     3               2        2                 4  ...   \n",
    "0                     5               2        2                 4  ...   \n",
    "0                     3               2        1                 2  ...   \n",
    "0                     5               1        2                 1  ...   \n",
    "0                     1               2        2                 1  ...   \n",
    "\n",
    "    other_debtors  other_installment_plans  people_liable  \\\n",
    "0               1                        3              2   \n",
    "0               1                        3              2   \n",
    "0               1                        3              2   \n",
    "0               3                        3              2   \n",
    "0               1                        3              2   \n",
    "..            ...                      ...            ...   \n",
    "0               1                        3              2   \n",
    "0               1                        3              2   \n",
    "0               1                        3              2   \n",
    "0               1                        3              2   \n",
    "0               1                        2              1   \n",
    "\n",
    "    personal_status_sex  present_residence  property  purpose  savings  \\\n",
    "0                     2                  2         3        4        5   \n",
    "0                     3                  3         2        4        1   \n",
    "0                     3                  3         3        2        5   \n",
    "0                     3                  2         1        3        1   \n",
    "0                     2                  2         3        2        1   \n",
    "..                  ...                ...       ...      ...      ...   \n",
    "0                     2                  2         2        0        5   \n",
    "0                     3                  2         3        1        2   \n",
    "0                     2                  2         2        0        1   \n",
    "0                     1                  4         2        0        1   \n",
    "0                     3                  2         2        0        2   \n",
    "\n",
    "    status  telephone  \n",
    "0        1          1  \n",
    "0        2          1  \n",
    "0        2          2  \n",
    "0        2          1  \n",
    "0        1          1  \n",
    "..     ...        ...  \n",
    "0        1          1  \n",
    "0        4          2  \n",
    "0        2          1  \n",
    "0        1          2  \n",
    "0        2          2  \n",
    "\n",
    "[1000 rows x 22 columns]"
   ]
  }
 ],
 "metadata": {
  "kernelspec": {
   "display_name": "Python 3",
   "language": "python",
   "name": "python3"
  },
  "language_info": {
   "codemirror_mode": {
    "name": "ipython",
    "version": 3
   },
   "file_extension": ".py",
   "mimetype": "text/x-python",
   "name": "python",
   "nbconvert_exporter": "python",
   "pygments_lexer": "ipython3",
   "version": "3.8.8"
  }
 },
 "nbformat": 4,
 "nbformat_minor": 5
}
